[17-Aug-2013 05:30:18] ErrorException: Notice: Use of undefined constant songs - assumed 'songs' in /var/www/m/app/controllers/playutils.php at line 39
[17-Aug-2013 05:30:25] ErrorException: Notice: Use of undefined constant songs - assumed 'songs' in /var/www/m/app/controllers/playutils.php at line 39
[17-Aug-2013 05:31:36] ErrorException: Notice: Use of undefined constant songs - assumed 'songs' in /var/www/m/app/controllers/playutils.php at line 39
[17-Aug-2013 05:31:48] ErrorException: Notice: Use of undefined constant songs - assumed 'songs' in /var/www/m/app/controllers/playutils.php at line 39
[17-Aug-2013 05:32:17] PDOException: SQLSTATE[42S02]: Base table or view not found: 1146 Table 'mav.playlogs' doesn't exist in /var/www/m/libraries/mako/database/Connection.php at line 218
[17-Aug-2013 05:51:42] ErrorException: Notice: Undefined property: app\controllers\Playutils::$playlog in /var/www/m/app/controllers/playutils.php at line 39
[17-Aug-2013 05:52:01] ErrorException: Notice: Undefined property: app\controllers\Playutils::$playlog in /var/www/m/app/controllers/playutils.php at line 39
[17-Aug-2013 05:52:12] ErrorException: Notice: Undefined property: app\controllers\Playutils::$playlog in /var/www/m/app/controllers/playutils.php at line 39
[17-Aug-2013 05:54:42 UTC] PHP Fatal error:  Uncaught exception 'ErrorException' with message '(Registered shutdown functions) Unable to call app\controllers\Playutils::playlog() - function does not exist' in Unknown:0
Stack trace:
#0 [internal function]: {closure}(2, '(Registered shu...', 'Unknown', 0, Array)
#1 {main}
  thrown in Unknown on line 0
[17-Aug-2013 06:12:17] PDOException: SQLSTATE[42S22]: Column not found: 1054 Unknown column 's.song_id' in 'on clause' in /var/www/m/libraries/mako/database/Connection.php at line 218
[17-Aug-2013 06:12:41] PDOException: SQLSTATE[42S22]: Column not found: 1054 Unknown column 's.song_id' in 'on clause' in /var/www/m/libraries/mako/database/Connection.php at line 218
[17-Aug-2013 06:49:28 UTC] PHP Fatal error:  Call to undefined function app\controllers\arrya() in /var/www/m/app/controllers/playutils.php on line 49
[17-Aug-2013 06:49:28] ErrorException: Fatal Error: Call to undefined function app\controllers\arrya() in /var/www/m/app/controllers/playutils.php at line 49
[17-Aug-2013 07:53:02] ErrorException: Notice: Undefined property: stdClass::$log_id in /var/www/m/app/controllers/playutils.php at line 56
[17-Aug-2013 07:53:04] ErrorException: Notice: Undefined property: stdClass::$log_id in /var/www/m/app/controllers/playutils.php at line 56
[17-Aug-2013 07:53:05] ErrorException: Notice: Undefined property: stdClass::$log_id in /var/www/m/app/controllers/playutils.php at line 56
[17-Aug-2013 07:53:06] ErrorException: Notice: Undefined property: stdClass::$log_id in /var/www/m/app/controllers/playutils.php at line 56
[17-Aug-2013 07:53:06] ErrorException: Notice: Undefined property: stdClass::$log_id in /var/www/m/app/controllers/playutils.php at line 56
[17-Aug-2013 07:53:07] ErrorException: Notice: Undefined property: stdClass::$log_id in /var/www/m/app/controllers/playutils.php at line 56
[17-Aug-2013 07:53:07] ErrorException: Notice: Undefined property: stdClass::$log_id in /var/www/m/app/controllers/playutils.php at line 56
[17-Aug-2013 07:53:08] ErrorException: Notice: Undefined property: stdClass::$log_id in /var/www/m/app/controllers/playutils.php at line 56
[17-Aug-2013 07:53:08] ErrorException: Notice: Undefined property: stdClass::$log_id in /var/www/m/app/controllers/playutils.php at line 56
[17-Aug-2013 07:54:13] ErrorException: Notice: Undefined property: stdClass::$log_id in /var/www/m/app/controllers/playutils.php at line 56
[17-Aug-2013 07:54:13] ErrorException: Notice: Undefined property: stdClass::$log_id in /var/www/m/app/controllers/playutils.php at line 56
[17-Aug-2013 07:54:14] ErrorException: Notice: Undefined property: stdClass::$log_id in /var/www/m/app/controllers/playutils.php at line 56
[17-Aug-2013 07:54:14] ErrorException: Notice: Undefined property: stdClass::$log_id in /var/www/m/app/controllers/playutils.php at line 56
[17-Aug-2013 07:55:31] ErrorException: Notice: Undefined property: stdClass::$log_id in /var/www/m/app/controllers/playutils.php at line 56
[17-Aug-2013 07:55:32] ErrorException: Notice: Undefined property: stdClass::$log_id in /var/www/m/app/controllers/playutils.php at line 56
[17-Aug-2013 07:55:32] ErrorException: Notice: Undefined property: stdClass::$log_id in /var/www/m/app/controllers/playutils.php at line 56
[17-Aug-2013 07:55:33] ErrorException: Notice: Undefined property: stdClass::$log_id in /var/www/m/app/controllers/playutils.php at line 56
[17-Aug-2013 07:55:35] ErrorException: Notice: Undefined property: stdClass::$log_id in /var/www/m/app/controllers/playutils.php at line 56
[17-Aug-2013 12:56:20] ErrorException: Warning: Illegal offset type in /var/www/m/app/controllers/home.php at line 18
[17-Aug-2013 12:56:29] ErrorException: Warning: Illegal offset type in /var/www/m/app/controllers/home.php at line 18
[17-Aug-2013 12:56:29] ErrorException: Warning: Illegal offset type in /var/www/m/app/controllers/home.php at line 18
[17-Aug-2013 12:56:30] ErrorException: Warning: Illegal offset type in /var/www/m/app/controllers/home.php at line 18
[17-Aug-2013 12:56:34] ErrorException: Warning: Illegal offset type in /var/www/m/app/controllers/home.php at line 18
[17-Aug-2013 12:57:05] ErrorException: Warning: Illegal offset type in /var/www/m/app/controllers/home.php at line 18
[17-Aug-2013 13:00:52] ErrorException: Warning: Illegal offset type in /var/www/m/app/controllers/home.php at line 19
[17-Aug-2013 13:02:08] ErrorException: Notice: Array to string conversion in /var/www/m/app/controllers/home.php at line 22
[17-Aug-2013 13:02:51] ErrorException: Notice: Array to string conversion in /var/www/m/app/controllers/home.php at line 22
[17-Aug-2013 13:02:56] ErrorException: Notice: Array to string conversion in /var/www/m/app/controllers/home.php at line 22
[17-Aug-2013 13:04:08] ErrorException: Notice: Array to string conversion in /var/www/m/app/controllers/home.php at line 23
[17-Aug-2013 13:05:55] ErrorException: Notice: Array to string conversion in /var/www/m/app/controllers/home.php at line 23
[17-Aug-2013 13:14:23] ErrorException: Warning: explode() expects parameter 2 to be string, array given in /var/www/m/app/controllers/home.php at line 23
