[21-Aug-2013 12:27:37] PDOException: SQLSTATE[42000]: Syntax error or access violation: 1064 You have an error in your SQL syntax; check the manual that corresponds to your MySQL server version for the right syntax to use near ') group by 1,2
		order by cnt desc
		limit 15' at line 4 in /var/www/m/libraries/mako/database/Connection.php at line 218
[21-Aug-2013 12:29:23] PDOException: SQLSTATE[42000]: Syntax error or access violation: 1064 You have an error in your SQL syntax; check the manual that corresponds to your MySQL server version for the right syntax to use near ') group by 1,2
		order by cnt desc
		limit 15' at line 4 in /var/www/m/libraries/mako/database/Connection.php at line 218
[21-Aug-2013 12:29:24] PDOException: SQLSTATE[42000]: Syntax error or access violation: 1064 You have an error in your SQL syntax; check the manual that corresponds to your MySQL server version for the right syntax to use near ') group by 1,2
		order by cnt desc
		limit 15' at line 4 in /var/www/m/libraries/mako/database/Connection.php at line 218
[21-Aug-2013 13:40:46] PDOException: SQLSTATE[42S22]: Column not found: 1054 Unknown column 'undefined' in 'where clause' in /var/www/m/libraries/mako/database/Connection.php at line 218
[21-Aug-2013 13:40:48] PDOException: SQLSTATE[42S22]: Column not found: 1054 Unknown column 'undefined' in 'where clause' in /var/www/m/libraries/mako/database/Connection.php at line 218
[21-Aug-2013 13:41:27] PDOException: SQLSTATE[42S22]: Column not found: 1054 Unknown column 'undefined' in 'where clause' in /var/www/m/libraries/mako/database/Connection.php at line 218
[21-Aug-2013 13:41:29] PDOException: SQLSTATE[42S22]: Column not found: 1054 Unknown column 'undefined' in 'where clause' in /var/www/m/libraries/mako/database/Connection.php at line 218
[21-Aug-2013 13:41:30] PDOException: SQLSTATE[42S22]: Column not found: 1054 Unknown column 'undefined' in 'where clause' in /var/www/m/libraries/mako/database/Connection.php at line 218
[21-Aug-2013 13:41:30] PDOException: SQLSTATE[42S22]: Column not found: 1054 Unknown column 'undefined' in 'where clause' in /var/www/m/libraries/mako/database/Connection.php at line 218
[21-Aug-2013 13:41:30] PDOException: SQLSTATE[42S22]: Column not found: 1054 Unknown column 'undefined' in 'where clause' in /var/www/m/libraries/mako/database/Connection.php at line 218
[21-Aug-2013 13:41:30] PDOException: SQLSTATE[42S22]: Column not found: 1054 Unknown column 'undefined' in 'where clause' in /var/www/m/libraries/mako/database/Connection.php at line 218
[21-Aug-2013 13:41:32] PDOException: SQLSTATE[42S22]: Column not found: 1054 Unknown column 'undefined' in 'where clause' in /var/www/m/libraries/mako/database/Connection.php at line 218
[21-Aug-2013 13:41:33] PDOException: SQLSTATE[42S22]: Column not found: 1054 Unknown column 'undefined' in 'where clause' in /var/www/m/libraries/mako/database/Connection.php at line 218
[21-Aug-2013 13:48:33 UTC] PHP Fatal error:  Class 'app\controllers\Session' not found in /var/www/m/app/controllers/home.php on line 31
[21-Aug-2013 13:48:33] ErrorException: Fatal Error: Class 'app\controllers\Session' not found in /var/www/m/app/controllers/home.php at line 31
[21-Aug-2013 13:48:36 UTC] PHP Fatal error:  Class 'app\controllers\Session' not found in /var/www/m/app/controllers/home.php on line 31
[21-Aug-2013 13:48:36] ErrorException: Fatal Error: Class 'app\controllers\Session' not found in /var/www/m/app/controllers/home.php at line 31
[21-Aug-2013 13:48:41 UTC] PHP Fatal error:  Class 'app\controllers\Session' not found in /var/www/m/app/controllers/home.php on line 31
[21-Aug-2013 13:48:41] ErrorException: Fatal Error: Class 'app\controllers\Session' not found in /var/www/m/app/controllers/home.php at line 31
[21-Aug-2013 13:48:53 UTC] PHP Fatal error:  Class 'app\controllers\Session' not found in /var/www/m/app/controllers/home.php on line 31
[21-Aug-2013 13:48:53] ErrorException: Fatal Error: Class 'app\controllers\Session' not found in /var/www/m/app/controllers/home.php at line 31
[21-Aug-2013 13:48:56 UTC] PHP Fatal error:  Class 'app\controllers\Session' not found in /var/www/m/app/controllers/home.php on line 31
[21-Aug-2013 13:48:56] ErrorException: Fatal Error: Class 'app\controllers\Session' not found in /var/www/m/app/controllers/home.php at line 31
[21-Aug-2013 13:48:57 UTC] PHP Fatal error:  Class 'app\controllers\Session' not found in /var/www/m/app/controllers/home.php on line 31
[21-Aug-2013 13:48:57] ErrorException: Fatal Error: Class 'app\controllers\Session' not found in /var/www/m/app/controllers/home.php at line 31
[21-Aug-2013 13:48:58 UTC] PHP Fatal error:  Class 'app\controllers\Session' not found in /var/www/m/app/controllers/home.php on line 31
[21-Aug-2013 13:48:58] ErrorException: Fatal Error: Class 'app\controllers\Session' not found in /var/www/m/app/controllers/home.php at line 31
[21-Aug-2013 13:50:29 UTC] PHP Fatal error:  Class 'app\controllers\Session' not found in /var/www/m/app/controllers/home.php on line 31
[21-Aug-2013 13:50:29] ErrorException: Fatal Error: Class 'app\controllers\Session' not found in /var/www/m/app/controllers/home.php at line 31
